2024-02-18 12:28:11,436 - {'optimizer': {'name': 'adam', 'lr': 0.001, 'weight_decay': 0}, 'train': {'epoch': 3000, 'batch_size': 4096, 'save_model': True, 'loss': 'pairwise', 'log_loss': False, 'test_step': 3, 'reproducible': True, 'seed': 2023, 'patience': 5}, 'test': {'metrics': ['recall', 'ndcg'], 'k': [5, 10, 20], 'batch_size': 1024}, 'data': {'type': 'general_cf', 'name': 'amazon', 'user_num': 11000, 'item_num': 9332}, 'model': {'name': 'lightgcn_gene', 'keep_rate': 0.8, 'embedding_size': 32, 'layer_num': 3, 'reg_weight': 1e-07, 'mask_ratio': 0.1, 'recon_weight': 0.1, 're_temperature': 0.2, 'amazon': {'layer_num': 2, 'reg_weight': 1e-07, 'mask_ratio': 0.15, 'recon_weight': 0.1, 're_temperature': 0.5}, 'yelp': {'layer_num': 2, 'reg_weight': 1e-07, 'mask_ratio': 0.05, 'recon_weight': 0.01, 're_temperature': 0.1}, 'steam': {'layer_num': 2, 'reg_weight': 1e-06, 'mask_ratio': 0.15, 'recon_weight': 0.1, 're_temperature': 0.5}}}
2024-02-18 12:28:16,443 - Epoch   0 Validation set [recall@5: 0.0132 recall@10: 0.0236 recall@20: 0.0408 ] [ndcg@5: 0.0141 ndcg@10: 0.0176 ndcg@20: 0.0232 ] 
2024-02-18 12:28:23,890 - Epoch   3 Validation set [recall@5: 0.0193 recall@10: 0.0319 recall@20: 0.0514 ] [ndcg@5: 0.0195 ndcg@10: 0.0239 ndcg@20: 0.0303 ] 
2024-02-18 12:28:30,516 - Epoch   6 Validation set [recall@5: 0.0224 recall@10: 0.0357 recall@20: 0.0571 ] [ndcg@5: 0.0231 ndcg@10: 0.0277 ndcg@20: 0.0347 ] 
2024-02-18 12:28:37,338 - Epoch   9 Validation set [recall@5: 0.0253 recall@10: 0.0397 recall@20: 0.0655 ] [ndcg@5: 0.0256 ndcg@10: 0.0305 ndcg@20: 0.0389 ] 
2024-02-18 12:28:43,963 - Epoch  12 Validation set [recall@5: 0.0283 recall@10: 0.0452 recall@20: 0.0731 ] [ndcg@5: 0.0287 ndcg@10: 0.0344 ndcg@20: 0.0434 ] 
2024-02-18 12:28:51,733 - Epoch  15 Validation set [recall@5: 0.0317 recall@10: 0.0501 recall@20: 0.0802 ] [ndcg@5: 0.0315 ndcg@10: 0.0377 ndcg@20: 0.0475 ] 
2024-02-18 12:28:59,223 - Epoch  18 Validation set [recall@5: 0.0342 recall@10: 0.0532 recall@20: 0.0855 ] [ndcg@5: 0.0339 ndcg@10: 0.0403 ndcg@20: 0.0508 ] 
2024-02-18 12:29:07,258 - Epoch  21 Validation set [recall@5: 0.0356 recall@10: 0.0562 recall@20: 0.0899 ] [ndcg@5: 0.0358 ndcg@10: 0.0427 ndcg@20: 0.0537 ] 
2024-02-18 12:29:15,117 - Epoch  24 Validation set [recall@5: 0.0368 recall@10: 0.0581 recall@20: 0.0941 ] [ndcg@5: 0.0373 ndcg@10: 0.0445 ndcg@20: 0.0561 ] 
2024-02-18 12:29:23,140 - Epoch  27 Validation set [recall@5: 0.0382 recall@10: 0.0605 recall@20: 0.0970 ] [ndcg@5: 0.0385 ndcg@10: 0.0460 ndcg@20: 0.0579 ] 
2024-02-18 12:29:30,159 - Epoch  30 Validation set [recall@5: 0.0394 recall@10: 0.0625 recall@20: 0.0997 ] [ndcg@5: 0.0396 ndcg@10: 0.0473 ndcg@20: 0.0593 ] 
2024-02-18 12:29:37,300 - Epoch  33 Validation set [recall@5: 0.0404 recall@10: 0.0645 recall@20: 0.1015 ] [ndcg@5: 0.0404 ndcg@10: 0.0487 ndcg@20: 0.0607 ] 
2024-02-18 12:29:43,498 - Epoch  36 Validation set [recall@5: 0.0410 recall@10: 0.0666 recall@20: 0.1036 ] [ndcg@5: 0.0412 ndcg@10: 0.0501 ndcg@20: 0.0620 ] 
2024-02-18 12:29:51,154 - Epoch  39 Validation set [recall@5: 0.0433 recall@10: 0.0688 recall@20: 0.1063 ] [ndcg@5: 0.0426 ndcg@10: 0.0513 ndcg@20: 0.0635 ] 
2024-02-18 12:29:58,896 - Epoch  42 Validation set [recall@5: 0.0437 recall@10: 0.0696 recall@20: 0.1079 ] [ndcg@5: 0.0433 ndcg@10: 0.0522 ndcg@20: 0.0646 ] 
2024-02-18 12:30:07,119 - Epoch  45 Validation set [recall@5: 0.0447 recall@10: 0.0710 recall@20: 0.1092 ] [ndcg@5: 0.0442 ndcg@10: 0.0531 ndcg@20: 0.0655 ] 
2024-02-18 12:30:13,548 - Epoch  48 Validation set [recall@5: 0.0452 recall@10: 0.0717 recall@20: 0.1117 ] [ndcg@5: 0.0450 ndcg@10: 0.0541 ndcg@20: 0.0671 ] 
2024-02-18 12:30:21,280 - Epoch  51 Validation set [recall@5: 0.0458 recall@10: 0.0725 recall@20: 0.1128 ] [ndcg@5: 0.0456 ndcg@10: 0.0548 ndcg@20: 0.0679 ] 
2024-02-18 12:30:29,334 - Epoch  54 Validation set [recall@5: 0.0460 recall@10: 0.0733 recall@20: 0.1144 ] [ndcg@5: 0.0459 ndcg@10: 0.0552 ndcg@20: 0.0686 ] 
2024-02-18 12:30:35,836 - Epoch  57 Validation set [recall@5: 0.0468 recall@10: 0.0736 recall@20: 0.1164 ] [ndcg@5: 0.0466 ndcg@10: 0.0558 ndcg@20: 0.0696 ] 
2024-02-18 12:30:43,020 - Epoch  60 Validation set [recall@5: 0.0471 recall@10: 0.0750 recall@20: 0.1168 ] [ndcg@5: 0.0466 ndcg@10: 0.0563 ndcg@20: 0.0698 ] 
2024-02-18 12:30:49,518 - Epoch  63 Validation set [recall@5: 0.0482 recall@10: 0.0760 recall@20: 0.1178 ] [ndcg@5: 0.0474 ndcg@10: 0.0570 ndcg@20: 0.0705 ] 
2024-02-18 12:30:57,485 - Epoch  66 Validation set [recall@5: 0.0487 recall@10: 0.0768 recall@20: 0.1195 ] [ndcg@5: 0.0481 ndcg@10: 0.0577 ndcg@20: 0.0716 ] 
2024-02-18 12:31:03,608 - Epoch  69 Validation set [recall@5: 0.0492 recall@10: 0.0783 recall@20: 0.1215 ] [ndcg@5: 0.0490 ndcg@10: 0.0590 ndcg@20: 0.0729 ] 
2024-02-18 12:31:10,034 - Epoch  72 Validation set [recall@5: 0.0502 recall@10: 0.0792 recall@20: 0.1223 ] [ndcg@5: 0.0499 ndcg@10: 0.0596 ndcg@20: 0.0736 ] 
2024-02-18 12:31:17,936 - Epoch  75 Validation set [recall@5: 0.0509 recall@10: 0.0788 recall@20: 0.1234 ] [ndcg@5: 0.0503 ndcg@10: 0.0597 ndcg@20: 0.0742 ] 
2024-02-18 12:31:25,394 - Epoch  78 Validation set [recall@5: 0.0513 recall@10: 0.0797 recall@20: 0.1249 ] [ndcg@5: 0.0509 ndcg@10: 0.0605 ndcg@20: 0.0752 ] 
2024-02-18 12:31:33,629 - Epoch  81 Validation set [recall@5: 0.0517 recall@10: 0.0806 recall@20: 0.1262 ] [ndcg@5: 0.0513 ndcg@10: 0.0610 ndcg@20: 0.0759 ] 
2024-02-18 12:31:40,484 - Epoch  84 Validation set [recall@5: 0.0522 recall@10: 0.0808 recall@20: 0.1252 ] [ndcg@5: 0.0516 ndcg@10: 0.0611 ndcg@20: 0.0756 ] 
2024-02-18 12:31:46,588 - Epoch  87 Validation set [recall@5: 0.0514 recall@10: 0.0815 recall@20: 0.1264 ] [ndcg@5: 0.0514 ndcg@10: 0.0617 ndcg@20: 0.0762 ] 
2024-02-18 12:31:54,745 - Epoch  90 Validation set [recall@5: 0.0523 recall@10: 0.0822 recall@20: 0.1266 ] [ndcg@5: 0.0518 ndcg@10: 0.0620 ndcg@20: 0.0764 ] 
2024-02-18 12:32:01,264 - Epoch  93 Validation set [recall@5: 0.0526 recall@10: 0.0819 recall@20: 0.1276 ] [ndcg@5: 0.0524 ndcg@10: 0.0624 ndcg@20: 0.0772 ] 
2024-02-18 12:32:07,311 - Epoch  96 Validation set [recall@5: 0.0534 recall@10: 0.0823 recall@20: 0.1283 ] [ndcg@5: 0.0529 ndcg@10: 0.0627 ndcg@20: 0.0776 ] 
2024-02-18 12:32:15,141 - Epoch  99 Validation set [recall@5: 0.0534 recall@10: 0.0835 recall@20: 0.1288 ] [ndcg@5: 0.0534 ndcg@10: 0.0635 ndcg@20: 0.0782 ] 
2024-02-18 12:32:21,682 - Epoch 102 Validation set [recall@5: 0.0541 recall@10: 0.0843 recall@20: 0.1302 ] [ndcg@5: 0.0537 ndcg@10: 0.0637 ndcg@20: 0.0786 ] 
2024-02-18 12:32:26,800 - Epoch 105 Validation set [recall@5: 0.0538 recall@10: 0.0845 recall@20: 0.1315 ] [ndcg@5: 0.0534 ndcg@10: 0.0638 ndcg@20: 0.0791 ] 
2024-02-18 12:32:32,647 - Epoch 108 Validation set [recall@5: 0.0540 recall@10: 0.0857 recall@20: 0.1318 ] [ndcg@5: 0.0537 ndcg@10: 0.0645 ndcg@20: 0.0794 ] 
2024-02-18 12:32:38,504 - Epoch 111 Validation set [recall@5: 0.0543 recall@10: 0.0860 recall@20: 0.1327 ] [ndcg@5: 0.0540 ndcg@10: 0.0649 ndcg@20: 0.0800 ] 
2024-02-18 12:32:46,592 - Epoch 114 Validation set [recall@5: 0.0538 recall@10: 0.0864 recall@20: 0.1324 ] [ndcg@5: 0.0540 ndcg@10: 0.0651 ndcg@20: 0.0800 ] 
2024-02-18 12:32:53,854 - Epoch 117 Validation set [recall@5: 0.0546 recall@10: 0.0874 recall@20: 0.1322 ] [ndcg@5: 0.0546 ndcg@10: 0.0657 ndcg@20: 0.0804 ] 
2024-02-18 12:33:01,839 - Epoch 120 Validation set [recall@5: 0.0546 recall@10: 0.0877 recall@20: 0.1319 ] [ndcg@5: 0.0548 ndcg@10: 0.0661 ndcg@20: 0.0805 ] 
2024-02-18 12:33:09,655 - Epoch 123 Validation set [recall@5: 0.0545 recall@10: 0.0872 recall@20: 0.1334 ] [ndcg@5: 0.0548 ndcg@10: 0.0660 ndcg@20: 0.0810 ] 
2024-02-18 12:33:16,980 - Epoch 126 Validation set [recall@5: 0.0548 recall@10: 0.0876 recall@20: 0.1338 ] [ndcg@5: 0.0549 ndcg@10: 0.0662 ndcg@20: 0.0812 ] 
2024-02-18 12:33:24,742 - Epoch 129 Validation set [recall@5: 0.0554 recall@10: 0.0874 recall@20: 0.1339 ] [ndcg@5: 0.0556 ndcg@10: 0.0665 ndcg@20: 0.0816 ] 
2024-02-18 12:33:33,048 - Epoch 132 Validation set [recall@5: 0.0558 recall@10: 0.0886 recall@20: 0.1334 ] [ndcg@5: 0.0557 ndcg@10: 0.0669 ndcg@20: 0.0814 ] 
2024-02-18 12:33:41,885 - Epoch 135 Validation set [recall@5: 0.0555 recall@10: 0.0894 recall@20: 0.1349 ] [ndcg@5: 0.0557 ndcg@10: 0.0675 ndcg@20: 0.0823 ] 
2024-02-18 12:33:49,831 - Epoch 138 Validation set [recall@5: 0.0561 recall@10: 0.0901 recall@20: 0.1356 ] [ndcg@5: 0.0559 ndcg@10: 0.0676 ndcg@20: 0.0824 ] 
2024-02-18 12:33:57,105 - Epoch 141 Validation set [recall@5: 0.0560 recall@10: 0.0905 recall@20: 0.1355 ] [ndcg@5: 0.0559 ndcg@10: 0.0679 ndcg@20: 0.0826 ] 
2024-02-18 12:34:05,113 - Epoch 144 Validation set [recall@5: 0.0565 recall@10: 0.0898 recall@20: 0.1357 ] [ndcg@5: 0.0565 ndcg@10: 0.0679 ndcg@20: 0.0829 ] 
2024-02-18 12:34:09,945 - Epoch 147 Validation set [recall@5: 0.0561 recall@10: 0.0900 recall@20: 0.1364 ] [ndcg@5: 0.0567 ndcg@10: 0.0684 ndcg@20: 0.0835 ] 
2024-02-18 12:34:14,805 - Epoch 150 Validation set [recall@5: 0.0566 recall@10: 0.0898 recall@20: 0.1362 ] [ndcg@5: 0.0570 ndcg@10: 0.0683 ndcg@20: 0.0837 ] 
2024-02-18 12:34:19,784 - Epoch 153 Validation set [recall@5: 0.0573 recall@10: 0.0904 recall@20: 0.1376 ] [ndcg@5: 0.0574 ndcg@10: 0.0689 ndcg@20: 0.0843 ] 
2024-02-18 12:34:24,653 - Epoch 156 Validation set [recall@5: 0.0578 recall@10: 0.0912 recall@20: 0.1381 ] [ndcg@5: 0.0578 ndcg@10: 0.0693 ndcg@20: 0.0847 ] 
2024-02-18 12:34:29,495 - Epoch 159 Validation set [recall@5: 0.0579 recall@10: 0.0912 recall@20: 0.1387 ] [ndcg@5: 0.0576 ndcg@10: 0.0693 ndcg@20: 0.0848 ] 
2024-02-18 12:34:34,372 - Epoch 162 Validation set [recall@5: 0.0584 recall@10: 0.0919 recall@20: 0.1382 ] [ndcg@5: 0.0580 ndcg@10: 0.0696 ndcg@20: 0.0848 ] 
2024-02-18 12:34:39,241 - Epoch 165 Validation set [recall@5: 0.0590 recall@10: 0.0919 recall@20: 0.1381 ] [ndcg@5: 0.0582 ndcg@10: 0.0695 ndcg@20: 0.0847 ] 
2024-02-18 12:34:44,339 - Epoch 168 Validation set [recall@5: 0.0584 recall@10: 0.0921 recall@20: 0.1387 ] [ndcg@5: 0.0582 ndcg@10: 0.0698 ndcg@20: 0.0851 ] 
2024-02-18 12:34:49,599 - Epoch 171 Validation set [recall@5: 0.0586 recall@10: 0.0918 recall@20: 0.1391 ] [ndcg@5: 0.0583 ndcg@10: 0.0697 ndcg@20: 0.0853 ] 
2024-02-18 12:34:54,451 - Epoch 174 Validation set [recall@5: 0.0589 recall@10: 0.0925 recall@20: 0.1395 ] [ndcg@5: 0.0585 ndcg@10: 0.0699 ndcg@20: 0.0854 ] 
2024-02-18 12:34:59,329 - Epoch 177 Validation set [recall@5: 0.0591 recall@10: 0.0921 recall@20: 0.1400 ] [ndcg@5: 0.0584 ndcg@10: 0.0698 ndcg@20: 0.0855 ] 
2024-02-18 12:35:04,301 - Epoch 180 Validation set [recall@5: 0.0591 recall@10: 0.0930 recall@20: 0.1394 ] [ndcg@5: 0.0586 ndcg@10: 0.0702 ndcg@20: 0.0855 ] 
2024-02-18 12:35:09,165 - Epoch 183 Validation set [recall@5: 0.0586 recall@10: 0.0932 recall@20: 0.1398 ] [ndcg@5: 0.0587 ndcg@10: 0.0707 ndcg@20: 0.0860 ] 
2024-02-18 12:35:14,054 - Epoch 186 Validation set [recall@5: 0.0590 recall@10: 0.0936 recall@20: 0.1405 ] [ndcg@5: 0.0589 ndcg@10: 0.0710 ndcg@20: 0.0863 ] 
2024-02-18 12:35:18,923 - Epoch 189 Validation set [recall@5: 0.0589 recall@10: 0.0937 recall@20: 0.1409 ] [ndcg@5: 0.0591 ndcg@10: 0.0712 ndcg@20: 0.0867 ] 
2024-02-18 12:35:23,792 - Epoch 192 Validation set [recall@5: 0.0593 recall@10: 0.0945 recall@20: 0.1408 ] [ndcg@5: 0.0592 ndcg@10: 0.0713 ndcg@20: 0.0866 ] 
2024-02-18 12:35:28,614 - Epoch 195 Validation set [recall@5: 0.0596 recall@10: 0.0942 recall@20: 0.1412 ] [ndcg@5: 0.0598 ndcg@10: 0.0716 ndcg@20: 0.0870 ] 
2024-02-18 12:35:33,487 - Epoch 198 Validation set [recall@5: 0.0601 recall@10: 0.0945 recall@20: 0.1409 ] [ndcg@5: 0.0601 ndcg@10: 0.0718 ndcg@20: 0.0869 ] 
2024-02-18 12:35:38,762 - Epoch 201 Validation set [recall@5: 0.0604 recall@10: 0.0947 recall@20: 0.1415 ] [ndcg@5: 0.0601 ndcg@10: 0.0717 ndcg@20: 0.0870 ] 
2024-02-18 12:35:43,634 - Epoch 204 Validation set [recall@5: 0.0610 recall@10: 0.0949 recall@20: 0.1417 ] [ndcg@5: 0.0603 ndcg@10: 0.0719 ndcg@20: 0.0871 ] 
2024-02-18 12:35:48,710 - Epoch 207 Validation set [recall@5: 0.0617 recall@10: 0.0942 recall@20: 0.1424 ] [ndcg@5: 0.0608 ndcg@10: 0.0720 ndcg@20: 0.0877 ] 
2024-02-18 12:35:54,291 - Epoch 210 Validation set [recall@5: 0.0623 recall@10: 0.0937 recall@20: 0.1420 ] [ndcg@5: 0.0611 ndcg@10: 0.0719 ndcg@20: 0.0877 ] 
2024-02-18 12:35:59,129 - Epoch 213 Validation set [recall@5: 0.0618 recall@10: 0.0943 recall@20: 0.1432 ] [ndcg@5: 0.0610 ndcg@10: 0.0723 ndcg@20: 0.0882 ] 
2024-02-18 12:36:03,990 - Epoch 216 Validation set [recall@5: 0.0616 recall@10: 0.0938 recall@20: 0.1435 ] [ndcg@5: 0.0610 ndcg@10: 0.0722 ndcg@20: 0.0883 ] 
2024-02-18 12:36:08,846 - Epoch 219 Validation set [recall@5: 0.0620 recall@10: 0.0945 recall@20: 0.1443 ] [ndcg@5: 0.0613 ndcg@10: 0.0724 ndcg@20: 0.0886 ] 
2024-02-18 12:36:13,726 - Epoch 222 Validation set [recall@5: 0.0619 recall@10: 0.0942 recall@20: 0.1447 ] [ndcg@5: 0.0612 ndcg@10: 0.0722 ndcg@20: 0.0887 ] 
2024-02-18 12:36:18,932 - Epoch 225 Validation set [recall@5: 0.0611 recall@10: 0.0949 recall@20: 0.1445 ] [ndcg@5: 0.0608 ndcg@10: 0.0725 ndcg@20: 0.0887 ] 
2024-02-18 12:36:24,220 - Epoch 228 Validation set [recall@5: 0.0617 recall@10: 0.0949 recall@20: 0.1438 ] [ndcg@5: 0.0609 ndcg@10: 0.0724 ndcg@20: 0.0885 ] 
2024-02-18 12:36:29,161 - Epoch 231 Validation set [recall@5: 0.0616 recall@10: 0.0953 recall@20: 0.1444 ] [ndcg@5: 0.0612 ndcg@10: 0.0727 ndcg@20: 0.0888 ] 
2024-02-18 12:36:33,997 - Epoch 234 Validation set [recall@5: 0.0615 recall@10: 0.0953 recall@20: 0.1440 ] [ndcg@5: 0.0612 ndcg@10: 0.0727 ndcg@20: 0.0886 ] 
2024-02-18 12:36:38,820 - Epoch 237 Validation set [recall@5: 0.0611 recall@10: 0.0950 recall@20: 0.1452 ] [ndcg@5: 0.0612 ndcg@10: 0.0728 ndcg@20: 0.0892 ] 
2024-02-18 12:36:43,735 - Epoch 240 Validation set [recall@5: 0.0613 recall@10: 0.0957 recall@20: 0.1452 ] [ndcg@5: 0.0613 ndcg@10: 0.0732 ndcg@20: 0.0893 ] 
2024-02-18 12:36:48,583 - Epoch 243 Validation set [recall@5: 0.0612 recall@10: 0.0955 recall@20: 0.1449 ] [ndcg@5: 0.0616 ndcg@10: 0.0734 ndcg@20: 0.0895 ] 
2024-02-18 12:36:53,798 - Epoch 246 Validation set [recall@5: 0.0616 recall@10: 0.0957 recall@20: 0.1453 ] [ndcg@5: 0.0620 ndcg@10: 0.0735 ndcg@20: 0.0898 ] 
2024-02-18 12:36:58,631 - Epoch 249 Validation set [recall@5: 0.0611 recall@10: 0.0959 recall@20: 0.1445 ] [ndcg@5: 0.0615 ndcg@10: 0.0735 ndcg@20: 0.0894 ] 
2024-02-18 12:37:04,242 - Epoch 252 Validation set [recall@5: 0.0617 recall@10: 0.0959 recall@20: 0.1450 ] [ndcg@5: 0.0621 ndcg@10: 0.0736 ndcg@20: 0.0897 ] 
2024-02-18 12:37:09,420 - Epoch 255 Validation set [recall@5: 0.0611 recall@10: 0.0963 recall@20: 0.1452 ] [ndcg@5: 0.0617 ndcg@10: 0.0737 ndcg@20: 0.0897 ] 
2024-02-18 12:37:14,321 - Epoch 258 Validation set [recall@5: 0.0608 recall@10: 0.0962 recall@20: 0.1462 ] [ndcg@5: 0.0614 ndcg@10: 0.0736 ndcg@20: 0.0899 ] 
2024-02-18 12:37:20,654 - Epoch 261 Validation set [recall@5: 0.0610 recall@10: 0.0954 recall@20: 0.1463 ] [ndcg@5: 0.0610 ndcg@10: 0.0728 ndcg@20: 0.0895 ] 
2024-02-18 12:37:25,472 - Epoch 264 Validation set [recall@5: 0.0617 recall@10: 0.0958 recall@20: 0.1468 ] [ndcg@5: 0.0612 ndcg@10: 0.0729 ndcg@20: 0.0895 ] 
2024-02-18 12:37:30,303 - Epoch 267 Validation set [recall@5: 0.0616 recall@10: 0.0960 recall@20: 0.1467 ] [ndcg@5: 0.0614 ndcg@10: 0.0732 ndcg@20: 0.0897 ] 
2024-02-18 12:37:35,159 - Epoch 270 Validation set [recall@5: 0.0615 recall@10: 0.0962 recall@20: 0.1475 ] [ndcg@5: 0.0612 ndcg@10: 0.0733 ndcg@20: 0.0899 ] 
2024-02-18 12:37:39,988 - Epoch 273 Validation set [recall@5: 0.0618 recall@10: 0.0954 recall@20: 0.1469 ] [ndcg@5: 0.0616 ndcg@10: 0.0731 ndcg@20: 0.0899 ] 
2024-02-18 12:37:45,346 - Epoch 276 Validation set [recall@5: 0.0620 recall@10: 0.0957 recall@20: 0.1471 ] [ndcg@5: 0.0618 ndcg@10: 0.0733 ndcg@20: 0.0901 ] 
2024-02-18 12:37:50,178 - Epoch 279 Validation set [recall@5: 0.0619 recall@10: 0.0953 recall@20: 0.1472 ] [ndcg@5: 0.0617 ndcg@10: 0.0731 ndcg@20: 0.0901 ] 
2024-02-18 12:37:55,049 - Epoch 282 Validation set [recall@5: 0.0614 recall@10: 0.0955 recall@20: 0.1477 ] [ndcg@5: 0.0614 ndcg@10: 0.0731 ndcg@20: 0.0901 ] 
2024-02-18 12:37:59,880 - Epoch 285 Validation set [recall@5: 0.0613 recall@10: 0.0965 recall@20: 0.1479 ] [ndcg@5: 0.0615 ndcg@10: 0.0737 ndcg@20: 0.0904 ] 
2024-02-18 12:38:04,749 - Epoch 288 Validation set [recall@5: 0.0625 recall@10: 0.0960 recall@20: 0.1475 ] [ndcg@5: 0.0621 ndcg@10: 0.0737 ndcg@20: 0.0905 ] 
2024-02-18 12:38:09,624 - Epoch 291 Validation set [recall@5: 0.0620 recall@10: 0.0969 recall@20: 0.1469 ] [ndcg@5: 0.0620 ndcg@10: 0.0740 ndcg@20: 0.0903 ] 
2024-02-18 12:38:14,981 - Epoch 294 Validation set [recall@5: 0.0622 recall@10: 0.0962 recall@20: 0.1471 ] [ndcg@5: 0.0622 ndcg@10: 0.0739 ndcg@20: 0.0905 ] 
2024-02-18 12:38:19,827 - Epoch 297 Validation set [recall@5: 0.0623 recall@10: 0.0963 recall@20: 0.1473 ] [ndcg@5: 0.0623 ndcg@10: 0.0739 ndcg@20: 0.0905 ] 
2024-02-18 12:38:24,689 - Epoch 300 Validation set [recall@5: 0.0624 recall@10: 0.0966 recall@20: 0.1478 ] [ndcg@5: 0.0621 ndcg@10: 0.0739 ndcg@20: 0.0905 ] 
2024-02-18 12:38:26,612 - [recall@5: 0.0613 recall@10: 0.0965 recall@20: 0.1479 ] [ndcg@5: 0.0615 ndcg@10: 0.0737 ndcg@20: 0.0904 ] 
2024-02-18 12:38:28,502 - [recall@5: 0.0615 recall@10: 0.0966 recall@20: 0.1485 ] [ndcg@5: 0.0629 ndcg@10: 0.0745 ndcg@20: 0.0913 ] 
2024-02-18 12:38:28,544 - Save model parameters to ./encoder/checkpoint/lightgcn_gene/lightgcn_gene-amazon-2023.pth
2024-02-18 12:38:28,545 - Best Epoch 285. Final test result: {'recall': array([0.0615006 , 0.09661557, 0.14851271]), 'ndcg': array([0.06290901, 0.0745036 , 0.09134091])}.
